<?xml version="1.0" encoding="UTF-8"?>
<coverage generated="1747170289686" clover="3.2.0">
  <project timestamp="1747170289687" name="All files">
    <metrics statements="84" coveredstatements="82" conditionals="44" coveredconditionals="39" methods="20" coveredmethods="18" elements="148" coveredelements="139" complexity="0" loc="84" ncloc="84" packages="2" files="3" classes="3"/>
    <package name="models">
      <metrics statements="3" coveredstatements="3" conditionals="0" coveredconditionals="0" methods="0" coveredmethods="0"/>
      <file name="UserSchema.js" path="C:\Users\DELL\Desktop\IndividualProject\hr200\backend\models\UserSchema.js">
        <metrics statements="3" coveredstatements="3" conditionals="0" coveredconditionals="0" methods="0" coveredmethods="0"/>
        <line num="1" count="2" type="stmt"/>
        <line num="4" count="2" type="stmt"/>
        <line num="47" count="2" type="stmt"/>
      </file>
    </package>
    <package name="utils">
      <metrics statements="81" coveredstatements="79" conditionals="44" coveredconditionals="39" methods="20" coveredmethods="18"/>
      <file name="assignDeveloper.js" path="C:\Users\DELL\Desktop\IndividualProject\hr200\backend\utils\assignDeveloper.js">
        <metrics statements="40" coveredstatements="39" conditionals="20" coveredconditionals="19" methods="10" coveredmethods="9"/>
        <line num="1" count="1" type="stmt"/>
        <line num="4" count="1" type="stmt"/>
        <line num="12" count="1" type="stmt"/>
        <line num="20" count="1" type="stmt"/>
        <line num="27" count="1" type="stmt"/>
        <line num="28" count="8" type="stmt"/>
        <line num="29" count="8" type="stmt"/>
        <line num="32" count="8" type="stmt"/>
        <line num="42" count="8" type="cond" truecount="2" falsecount="0"/>
        <line num="45" count="7" type="stmt"/>
        <line num="47" count="10" type="stmt"/>
        <line num="49" count="10" type="cond" truecount="4" falsecount="0"/>
        <line num="55" count="10" type="cond" truecount="2" falsecount="0"/>
        <line num="56" count="9" type="stmt"/>
        <line num="67" count="7" type="stmt"/>
        <line num="69" count="12" type="stmt"/>
        <line num="70" count="13" type="stmt"/>
        <line num="71" count="8" type="stmt"/>
        <line num="72" count="1" type="stmt"/>
        <line num="74" count="12" type="cond" truecount="2" falsecount="0"/>
        <line num="75" count="3" type="stmt"/>
        <line num="76" count="3" type="stmt"/>
        <line num="78" count="3" type="cond" truecount="2" falsecount="0"/>
        <line num="82" count="3" type="stmt"/>
        <line num="92" count="9" type="cond" truecount="1" falsecount="1"/>
        <line num="94" count="9" type="stmt"/>
        <line num="96" count="24" type="stmt"/>
        <line num="98" count="24" type="stmt"/>
        <line num="99" count="8" type="stmt"/>
        <line num="100" count="8" type="stmt"/>
        <line num="107" count="24" type="stmt"/>
        <line num="109" count="24" type="stmt"/>
        <line num="112" count="8" type="cond" truecount="2" falsecount="0"/>
        <line num="114" count="0" type="stmt"/>
        <line num="116" count="24" type="cond" truecount="2" falsecount="0"/>
        <line num="117" count="2" type="stmt"/>
        <line num="120" count="2" type="cond" truecount="2" falsecount="0"/>
        <line num="124" count="2" type="stmt"/>
        <line num="139" count="2" type="stmt"/>
        <line num="142" count="1" type="stmt"/>
      </file>
      <file name="assignTester.js" path="C:\Users\DELL\Desktop\IndividualProject\hr200\backend\utils\assignTester.js">
        <metrics statements="41" coveredstatements="40" conditionals="24" coveredconditionals="20" methods="10" coveredmethods="9"/>
        <line num="1" count="1" type="stmt"/>
        <line num="4" count="1" type="stmt"/>
        <line num="12" count="1" type="stmt"/>
        <line num="20" count="1" type="stmt"/>
        <line num="28" count="1" type="stmt"/>
        <line num="29" count="8" type="cond" truecount="1" falsecount="1"/>
        <line num="30" count="8" type="cond" truecount="1" falsecount="1"/>
        <line num="37" count="8" type="stmt"/>
        <line num="47" count="8" type="cond" truecount="2" falsecount="0"/>
        <line num="50" count="7" type="stmt"/>
        <line num="52" count="10" type="stmt"/>
        <line num="54" count="10" type="cond" truecount="4" falsecount="0"/>
        <line num="59" count="10" type="cond" truecount="2" falsecount="0"/>
        <line num="61" count="9" type="stmt"/>
        <line num="71" count="7" type="stmt"/>
        <line num="73" count="18" type="stmt"/>
        <line num="74" count="22" type="stmt"/>
        <line num="75" count="8" type="stmt"/>
        <line num="76" count="1" type="stmt"/>
        <line num="77" count="18" type="stmt"/>
        <line num="78" count="18" type="cond" truecount="2" falsecount="0"/>
        <line num="79" count="3" type="stmt"/>
        <line num="80" count="3" type="stmt"/>
        <line num="82" count="3" type="cond" truecount="1" falsecount="1"/>
        <line num="86" count="3" type="stmt"/>
        <line num="97" count="4" type="cond" truecount="1" falsecount="1"/>
        <line num="99" count="4" type="stmt"/>
        <line num="101" count="10" type="stmt"/>
        <line num="103" count="10" type="stmt"/>
        <line num="104" count="4" type="stmt"/>
        <line num="105" count="4" type="stmt"/>
        <line num="112" count="10" type="stmt"/>
        <line num="114" count="10" type="stmt"/>
        <line num="117" count="4" type="cond" truecount="2" falsecount="0"/>
        <line num="119" count="0" type="stmt"/>
        <line num="121" count="10" type="cond" truecount="2" falsecount="0"/>
        <line num="122" count="2" type="stmt"/>
        <line num="125" count="2" type="cond" truecount="2" falsecount="0"/>
        <line num="129" count="2" type="stmt"/>
        <line num="143" count="2" type="stmt"/>
        <line num="146" count="1" type="stmt"/>
      </file>
    </package>
  </project>
</coverage>
