{"C:\\Users\\DELL\\Desktop\\IndividualProject\\hr200\\backend\\models\\UserSchema.js": {"path":"C:\\Users\\DELL\\Desktop\\IndividualProject\\hr200\\backend\\models\\UserSchema.js","statementMap":{"0":{"start":{"line":1,"column":17},"end":{"line":1,"column":36}},"1":{"start":{"line":4,"column":19},"end":{"line":45,"column":1}},"2":{"start":{"line":47,"column":0},"end":{"line":47,"column":52}}},"fnMap":{},"branchMap":{},"s":{"0":2,"1":2,"2":2},"f":{},"b":{},"_coverageSchema":"1a1c01bbd47fc00a2c39e90264f33305004495a9","hash":"dc4f83648038d208f2b439366daed208468e1224"}
,"C:\\Users\\DELL\\Desktop\\IndividualProject\\hr200\\backend\\utils\\assignDeveloper.js": {"path":"C:\\Users\\DELL\\Desktop\\IndividualProject\\hr200\\backend\\utils\\assignDeveloper.js","statementMap":{"0":{"start":{"line":1,"column":13},"end":{"line":1,"column":44}},"1":{"start":{"line":4,"column":33},"end":{"line":9,"column":1}},"2":{"start":{"line":12,"column":33},"end":{"line":17,"column":1}},"3":{"start":{"line":20,"column":27},"end":{"line":25,"column":1}},"4":{"start":{"line":27,"column":24},"end":{"line":140,"column":1}},"5":{"start":{"line":28,"column":25},"end":{"line":28,"column":59}},"6":{"start":{"line":29,"column":25},"end":{"line":29,"column":59}},"7":{"start":{"line":32,"column":21},"end":{"line":40,"column":4}},"8":{"start":{"line":42,"column":2},"end":{"line":42,"column":38}},"9":{"start":{"line":42,"column":26},"end":{"line":42,"column":38}},"10":{"start":{"line":45,"column":18},"end":{"line":63,"column":20}},"11":{"start":{"line":47,"column":19},"end":{"line":53,"column":7}},"12":{"start":{"line":49,"column":10},"end":{"line":52,"column":32}},"13":{"start":{"line":55,"column":6},"end":{"line":55,"column":29}},"14":{"start":{"line":55,"column":17},"end":{"line":55,"column":29}},"15":{"start":{"line":56,"column":6},"end":{"line":61,"column":8}},"16":{"start":{"line":67,"column":2},"end":{"line":137,"column":3}},"17":{"start":{"line":69,"column":21},"end":{"line":72,"column":59}},"18":{"start":{"line":70,"column":21},"end":{"line":70,"column":42}},"19":{"start":{"line":71,"column":21},"end":{"line":71,"column":59}},"20":{"start":{"line":72,"column":22},"end":{"line":72,"column":55}},"21":{"start":{"line":74,"column":4},"end":{"line":91,"column":5}},"22":{"start":{"line":75,"column":6},"end":{"line":75,"column":32}},"23":{"start":{"line":76,"column":34},"end":{"line":76,"column":51}},"24":{"start":{"line":78,"column":8},"end":{"line":80,"column":16}},"25":{"start":{"line":82,"column":6},"end":{"line":90,"column":8}},"26":{"start":{"line":92,"column":4},"end":{"line":136,"column":5}},"27":{"start":{"line":94,"column":6},"end":{"line":135,"column":7}},"28":{"start":{"line":96,"column":27},"end":{"line":96,"column":71}},"29":{"start":{"line":96,"column":49},"end":{"line":96,"column":70}},"30":{"start":{"line":98,"column":8},"end":{"line":105,"column":11}},"31":{"start":{"line":99,"column":24},"end":{"line":99,"column":58}},"32":{"start":{"line":100,"column":10},"end":{"line":104,"column":12}},"33":{"start":{"line":107,"column":32},"end":{"line":107,"column":60}},"34":{"start":{"line":109,"column":33},"end":{"line":114,"column":63}},"35":{"start":{"line":112,"column":14},"end":{"line":112,"column":79}},"36":{"start":{"line":114,"column":26},"end":{"line":114,"column":59}},"37":{"start":{"line":116,"column":8},"end":{"line":134,"column":9}},"38":{"start":{"line":117,"column":38},"end":{"line":117,"column":55}},"39":{"start":{"line":120,"column":12},"end":{"line":122,"column":190}},"40":{"start":{"line":124,"column":10},"end":{"line":133,"column":12}},"41":{"start":{"line":139,"column":2},"end":{"line":139,"column":14}},"42":{"start":{"line":142,"column":0},"end":{"line":142,"column":33}}},"fnMap":{"0":{"name":"(anonymous_0)","decl":{"start":{"line":27,"column":24},"end":{"line":27,"column":25}},"loc":{"start":{"line":27,"column":63},"end":{"line":140,"column":1}},"line":27},"1":{"name":"(anonymous_1)","decl":{"start":{"line":46,"column":9},"end":{"line":46,"column":10}},"loc":{"start":{"line":46,"column":18},"end":{"line":62,"column":5}},"line":46},"2":{"name":"(anonymous_2)","decl":{"start":{"line":48,"column":8},"end":{"line":48,"column":9}},"loc":{"start":{"line":49,"column":10},"end":{"line":52,"column":32}},"line":49},"3":{"name":"(anonymous_3)","decl":{"start":{"line":70,"column":14},"end":{"line":70,"column":15}},"loc":{"start":{"line":70,"column":21},"end":{"line":70,"column":42}},"line":70},"4":{"name":"(anonymous_4)","decl":{"start":{"line":71,"column":14},"end":{"line":71,"column":15}},"loc":{"start":{"line":71,"column":21},"end":{"line":71,"column":59}},"line":71},"5":{"name":"(anonymous_5)","decl":{"start":{"line":72,"column":12},"end":{"line":72,"column":13}},"loc":{"start":{"line":72,"column":22},"end":{"line":72,"column":55}},"line":72},"6":{"name":"(anonymous_6)","decl":{"start":{"line":96,"column":42},"end":{"line":96,"column":43}},"loc":{"start":{"line":96,"column":49},"end":{"line":96,"column":70}},"line":96},"7":{"name":"(anonymous_7)","decl":{"start":{"line":98,"column":40},"end":{"line":98,"column":41}},"loc":{"start":{"line":98,"column":49},"end":{"line":105,"column":9}},"line":98},"8":{"name":"(anonymous_8)","decl":{"start":{"line":111,"column":12},"end":{"line":111,"column":13}},"loc":{"start":{"line":112,"column":14},"end":{"line":112,"column":79}},"line":112},"9":{"name":"(anonymous_9)","decl":{"start":{"line":114,"column":16},"end":{"line":114,"column":17}},"loc":{"start":{"line":114,"column":26},"end":{"line":114,"column":59}},"line":114}},"branchMap":{"0":{"loc":{"start":{"line":42,"column":2},"end":{"line":42,"column":38}},"type":"if","locations":[{"start":{"line":42,"column":2},"end":{"line":42,"column":38}},{"start":{},"end":{}}],"line":42},"1":{"loc":{"start":{"line":49,"column":10},"end":{"line":52,"column":32}},"type":"binary-expr","locations":[{"start":{"line":49,"column":10},"end":{"line":49,"column":39}},{"start":{"line":50,"column":10},"end":{"line":50,"column":25}},{"start":{"line":51,"column":10},"end":{"line":51,"column":32}},{"start":{"line":52,"column":10},"end":{"line":52,"column":32}}],"line":49},"2":{"loc":{"start":{"line":55,"column":6},"end":{"line":55,"column":29}},"type":"if","locations":[{"start":{"line":55,"column":6},"end":{"line":55,"column":29}},{"start":{},"end":{}}],"line":55},"3":{"loc":{"start":{"line":74,"column":4},"end":{"line":91,"column":5}},"type":"if","locations":[{"start":{"line":74,"column":4},"end":{"line":91,"column":5}},{"start":{},"end":{}}],"line":74},"4":{"loc":{"start":{"line":78,"column":8},"end":{"line":80,"column":16}},"type":"cond-expr","locations":[{"start":{"line":79,"column":12},"end":{"line":79,"column":157}},{"start":{"line":80,"column":12},"end":{"line":80,"column":16}}],"line":78},"5":{"loc":{"start":{"line":92,"column":4},"end":{"line":136,"column":5}},"type":"if","locations":[{"start":{"line":92,"column":4},"end":{"line":136,"column":5}},{"start":{},"end":{}}],"line":92},"6":{"loc":{"start":{"line":112,"column":14},"end":{"line":112,"column":79}},"type":"binary-expr","locations":[{"start":{"line":112,"column":14},"end":{"line":112,"column":63}},{"start":{"line":112,"column":67},"end":{"line":112,"column":79}}],"line":112},"7":{"loc":{"start":{"line":116,"column":8},"end":{"line":134,"column":9}},"type":"if","locations":[{"start":{"line":116,"column":8},"end":{"line":134,"column":9}},{"start":{},"end":{}}],"line":116},"8":{"loc":{"start":{"line":120,"column":12},"end":{"line":122,"column":190}},"type":"cond-expr","locations":[{"start":{"line":121,"column":16},"end":{"line":121,"column":277}},{"start":{"line":122,"column":16},"end":{"line":122,"column":190}}],"line":120}},"s":{"0":1,"1":1,"2":1,"3":1,"4":1,"5":8,"6":8,"7":8,"8":8,"9":1,"10":7,"11":10,"12":10,"13":10,"14":1,"15":9,"16":7,"17":12,"18":13,"19":8,"20":1,"21":12,"22":3,"23":3,"24":3,"25":3,"26":9,"27":9,"28":24,"29":20,"30":24,"31":8,"32":8,"33":24,"34":24,"35":8,"36":0,"37":24,"38":2,"39":2,"40":2,"41":2,"42":1},"f":{"0":8,"1":10,"2":10,"3":13,"4":8,"5":1,"6":20,"7":8,"8":8,"9":0},"b":{"0":[1,7],"1":[10,10,10,10],"2":[1,9],"3":[3,9],"4":[1,2],"5":[9,0],"6":[8,3],"7":[2,22],"8":[1,1]},"_coverageSchema":"1a1c01bbd47fc00a2c39e90264f33305004495a9","hash":"03d96c4b2910f8e451483060e8a6a2c3eaa06838"}
,"C:\\Users\\DELL\\Desktop\\IndividualProject\\hr200\\backend\\utils\\assignTester.js": {"path":"C:\\Users\\DELL\\Desktop\\IndividualProject\\hr200\\backend\\utils\\assignTester.js","statementMap":{"0":{"start":{"line":1,"column":13},"end":{"line":1,"column":44}},"1":{"start":{"line":4,"column":31},"end":{"line":9,"column":1}},"2":{"start":{"line":12,"column":33},"end":{"line":17,"column":1}},"3":{"start":{"line":20,"column":27},"end":{"line":25,"column":1}},"4":{"start":{"line":28,"column":21},"end":{"line":144,"column":1}},"5":{"start":{"line":29,"column":25},"end":{"line":29,"column":62}},"6":{"start":{"line":30,"column":25},"end":{"line":34,"column":3}},"7":{"start":{"line":37,"column":18},"end":{"line":45,"column":4}},"8":{"start":{"line":47,"column":2},"end":{"line":47,"column":35}},"9":{"start":{"line":47,"column":23},"end":{"line":47,"column":35}},"10":{"start":{"line":50,"column":21},"end":{"line":68,"column":20}},"11":{"start":{"line":52,"column":19},"end":{"line":58,"column":7}},"12":{"start":{"line":54,"column":10},"end":{"line":57,"column":32}},"13":{"start":{"line":59,"column":6},"end":{"line":59,"column":29}},"14":{"start":{"line":59,"column":17},"end":{"line":59,"column":29}},"15":{"start":{"line":61,"column":6},"end":{"line":66,"column":8}},"16":{"start":{"line":71,"column":2},"end":{"line":96,"column":3}},"17":{"start":{"line":73,"column":21},"end":{"line":76,"column":59}},"18":{"start":{"line":74,"column":21},"end":{"line":74,"column":42}},"19":{"start":{"line":75,"column":21},"end":{"line":75,"column":59}},"20":{"start":{"line":76,"column":22},"end":{"line":76,"column":55}},"21":{"start":{"line":77,"column":4},"end":{"line":77,"column":26}},"22":{"start":{"line":78,"column":4},"end":{"line":95,"column":5}},"23":{"start":{"line":79,"column":6},"end":{"line":79,"column":32}},"24":{"start":{"line":80,"column":34},"end":{"line":80,"column":51}},"25":{"start":{"line":82,"column":8},"end":{"line":84,"column":16}},"26":{"start":{"line":86,"column":6},"end":{"line":94,"column":8}},"27":{"start":{"line":97,"column":2},"end":{"line":141,"column":3}},"28":{"start":{"line":99,"column":4},"end":{"line":140,"column":5}},"29":{"start":{"line":101,"column":28},"end":{"line":101,"column":75}},"30":{"start":{"line":101,"column":53},"end":{"line":101,"column":74}},"31":{"start":{"line":103,"column":6},"end":{"line":110,"column":9}},"32":{"start":{"line":104,"column":22},"end":{"line":104,"column":59}},"33":{"start":{"line":105,"column":8},"end":{"line":109,"column":10}},"34":{"start":{"line":112,"column":30},"end":{"line":112,"column":58}},"35":{"start":{"line":114,"column":31},"end":{"line":119,"column":61}},"36":{"start":{"line":117,"column":12},"end":{"line":117,"column":77}},"37":{"start":{"line":119,"column":24},"end":{"line":119,"column":57}},"38":{"start":{"line":121,"column":6},"end":{"line":139,"column":7}},"39":{"start":{"line":122,"column":36},"end":{"line":122,"column":53}},"40":{"start":{"line":125,"column":10},"end":{"line":127,"column":182}},"41":{"start":{"line":129,"column":8},"end":{"line":138,"column":10}},"42":{"start":{"line":143,"column":2},"end":{"line":143,"column":14}},"43":{"start":{"line":146,"column":0},"end":{"line":146,"column":30}}},"fnMap":{"0":{"name":"(anonymous_0)","decl":{"start":{"line":28,"column":21},"end":{"line":28,"column":22}},"loc":{"start":{"line":28,"column":60},"end":{"line":144,"column":1}},"line":28},"1":{"name":"(anonymous_1)","decl":{"start":{"line":51,"column":9},"end":{"line":51,"column":10}},"loc":{"start":{"line":51,"column":21},"end":{"line":67,"column":5}},"line":51},"2":{"name":"(anonymous_2)","decl":{"start":{"line":53,"column":8},"end":{"line":53,"column":9}},"loc":{"start":{"line":54,"column":10},"end":{"line":57,"column":32}},"line":54},"3":{"name":"(anonymous_3)","decl":{"start":{"line":74,"column":14},"end":{"line":74,"column":15}},"loc":{"start":{"line":74,"column":21},"end":{"line":74,"column":42}},"line":74},"4":{"name":"(anonymous_4)","decl":{"start":{"line":75,"column":14},"end":{"line":75,"column":15}},"loc":{"start":{"line":75,"column":21},"end":{"line":75,"column":59}},"line":75},"5":{"name":"(anonymous_5)","decl":{"start":{"line":76,"column":12},"end":{"line":76,"column":13}},"loc":{"start":{"line":76,"column":22},"end":{"line":76,"column":55}},"line":76},"6":{"name":"(anonymous_6)","decl":{"start":{"line":101,"column":46},"end":{"line":101,"column":47}},"loc":{"start":{"line":101,"column":53},"end":{"line":101,"column":74}},"line":101},"7":{"name":"(anonymous_7)","decl":{"start":{"line":103,"column":44},"end":{"line":103,"column":45}},"loc":{"start":{"line":103,"column":56},"end":{"line":110,"column":7}},"line":103},"8":{"name":"(anonymous_8)","decl":{"start":{"line":116,"column":10},"end":{"line":116,"column":11}},"loc":{"start":{"line":117,"column":12},"end":{"line":117,"column":77}},"line":117},"9":{"name":"(anonymous_9)","decl":{"start":{"line":119,"column":14},"end":{"line":119,"column":15}},"loc":{"start":{"line":119,"column":24},"end":{"line":119,"column":57}},"line":119}},"branchMap":{"0":{"loc":{"start":{"line":29,"column":25},"end":{"line":29,"column":62}},"type":"binary-expr","locations":[{"start":{"line":29,"column":25},"end":{"line":29,"column":57}},{"start":{"line":29,"column":61},"end":{"line":29,"column":62}}],"line":29},"1":{"loc":{"start":{"line":30,"column":25},"end":{"line":34,"column":3}},"type":"binary-expr","locations":[{"start":{"line":30,"column":25},"end":{"line":30,"column":59}},{"start":{"line":30,"column":63},"end":{"line":34,"column":3}}],"line":30},"2":{"loc":{"start":{"line":47,"column":2},"end":{"line":47,"column":35}},"type":"if","locations":[{"start":{"line":47,"column":2},"end":{"line":47,"column":35}},{"start":{},"end":{}}],"line":47},"3":{"loc":{"start":{"line":54,"column":10},"end":{"line":57,"column":32}},"type":"binary-expr","locations":[{"start":{"line":54,"column":10},"end":{"line":54,"column":39}},{"start":{"line":55,"column":10},"end":{"line":55,"column":25}},{"start":{"line":56,"column":10},"end":{"line":56,"column":29}},{"start":{"line":57,"column":10},"end":{"line":57,"column":32}}],"line":54},"4":{"loc":{"start":{"line":59,"column":6},"end":{"line":59,"column":29}},"type":"if","locations":[{"start":{"line":59,"column":6},"end":{"line":59,"column":29}},{"start":{},"end":{}}],"line":59},"5":{"loc":{"start":{"line":78,"column":4},"end":{"line":95,"column":5}},"type":"if","locations":[{"start":{"line":78,"column":4},"end":{"line":95,"column":5}},{"start":{},"end":{}}],"line":78},"6":{"loc":{"start":{"line":82,"column":8},"end":{"line":84,"column":16}},"type":"cond-expr","locations":[{"start":{"line":83,"column":12},"end":{"line":83,"column":118}},{"start":{"line":84,"column":12},"end":{"line":84,"column":16}}],"line":82},"7":{"loc":{"start":{"line":97,"column":2},"end":{"line":141,"column":3}},"type":"if","locations":[{"start":{"line":97,"column":2},"end":{"line":141,"column":3}},{"start":{},"end":{}}],"line":97},"8":{"loc":{"start":{"line":117,"column":12},"end":{"line":117,"column":77}},"type":"binary-expr","locations":[{"start":{"line":117,"column":12},"end":{"line":117,"column":61}},{"start":{"line":117,"column":65},"end":{"line":117,"column":77}}],"line":117},"9":{"loc":{"start":{"line":121,"column":6},"end":{"line":139,"column":7}},"type":"if","locations":[{"start":{"line":121,"column":6},"end":{"line":139,"column":7}},{"start":{},"end":{}}],"line":121},"10":{"loc":{"start":{"line":125,"column":10},"end":{"line":127,"column":182}},"type":"cond-expr","locations":[{"start":{"line":126,"column":14},"end":{"line":126,"column":269}},{"start":{"line":127,"column":14},"end":{"line":127,"column":182}}],"line":125}},"s":{"0":1,"1":1,"2":1,"3":1,"4":1,"5":8,"6":8,"7":8,"8":8,"9":1,"10":7,"11":10,"12":10,"13":10,"14":1,"15":9,"16":7,"17":18,"18":22,"19":8,"20":1,"21":18,"22":18,"23":3,"24":3,"25":3,"26":3,"27":4,"28":4,"29":10,"30":10,"31":10,"32":4,"33":4,"34":10,"35":10,"36":4,"37":0,"38":10,"39":2,"40":2,"41":2,"42":2,"43":1},"f":{"0":8,"1":10,"2":10,"3":22,"4":8,"5":1,"6":10,"7":4,"8":4,"9":0},"b":{"0":[8,0],"1":[8,0],"2":[1,7],"3":[10,10,10,10],"4":[1,9],"5":[3,15],"6":[3,0],"7":[4,0],"8":[4,2],"9":[2,8],"10":[1,1]},"_coverageSchema":"1a1c01bbd47fc00a2c39e90264f33305004495a9","hash":"d80b001c6b1112359d5fb9cf940062136c9c5ca2"}
}
