TN:
SF:models\UserSchema.js
FNF:0
FNH:0
DA:1,2
DA:4,2
DA:47,2
LF:3
LH:3
BRF:0
BRH:0
end_of_record
TN:
SF:utils\assignDeveloper.js
FN:27,(anonymous_0)
FN:46,(anonymous_1)
FN:48,(anonymous_2)
FN:70,(anonymous_3)
FN:71,(anonymous_4)
FN:72,(anonymous_5)
FN:96,(anonymous_6)
FN:98,(anonymous_7)
FN:111,(anonymous_8)
FN:114,(anonymous_9)
FNF:10
FNH:9
FNDA:8,(anonymous_0)
FNDA:10,(anonymous_1)
FNDA:10,(anonymous_2)
FNDA:13,(anonymous_3)
FNDA:8,(anonymous_4)
FNDA:1,(anonymous_5)
FNDA:20,(anonymous_6)
FNDA:8,(anonymous_7)
FNDA:8,(anonymous_8)
FNDA:0,(anonymous_9)
DA:1,1
DA:4,1
DA:12,1
DA:20,1
DA:27,1
DA:28,8
DA:29,8
DA:32,8
DA:42,8
DA:45,7
DA:47,10
DA:49,10
DA:55,10
DA:56,9
DA:67,7
DA:69,12
DA:70,13
DA:71,8
DA:72,1
DA:74,12
DA:75,3
DA:76,3
DA:78,3
DA:82,3
DA:92,9
DA:94,9
DA:96,24
DA:98,24
DA:99,8
DA:100,8
DA:107,24
DA:109,24
DA:112,8
DA:114,0
DA:116,24
DA:117,2
DA:120,2
DA:124,2
DA:139,2
DA:142,1
LF:40
LH:39
BRDA:42,0,0,1
BRDA:42,0,1,7
BRDA:49,1,0,10
BRDA:49,1,1,10
BRDA:49,1,2,10
BRDA:49,1,3,10
BRDA:55,2,0,1
BRDA:55,2,1,9
BRDA:74,3,0,3
BRDA:74,3,1,9
BRDA:78,4,0,1
BRDA:78,4,1,2
BRDA:92,5,0,9
BRDA:92,5,1,0
BRDA:112,6,0,8
BRDA:112,6,1,3
BRDA:116,7,0,2
BRDA:116,7,1,22
BRDA:120,8,0,1
BRDA:120,8,1,1
BRF:20
BRH:19
end_of_record
TN:
SF:utils\assignTester.js
FN:28,(anonymous_0)
FN:51,(anonymous_1)
FN:53,(anonymous_2)
FN:74,(anonymous_3)
FN:75,(anonymous_4)
FN:76,(anonymous_5)
FN:101,(anonymous_6)
FN:103,(anonymous_7)
FN:116,(anonymous_8)
FN:119,(anonymous_9)
FNF:10
FNH:9
FNDA:8,(anonymous_0)
FNDA:10,(anonymous_1)
FNDA:10,(anonymous_2)
FNDA:22,(anonymous_3)
FNDA:8,(anonymous_4)
FNDA:1,(anonymous_5)
FNDA:10,(anonymous_6)
FNDA:4,(anonymous_7)
FNDA:4,(anonymous_8)
FNDA:0,(anonymous_9)
DA:1,1
DA:4,1
DA:12,1
DA:20,1
DA:28,1
DA:29,8
DA:30,8
DA:37,8
DA:47,8
DA:50,7
DA:52,10
DA:54,10
DA:59,10
DA:61,9
DA:71,7
DA:73,18
DA:74,22
DA:75,8
DA:76,1
DA:77,18
DA:78,18
DA:79,3
DA:80,3
DA:82,3
DA:86,3
DA:97,4
DA:99,4
DA:101,10
DA:103,10
DA:104,4
DA:105,4
DA:112,10
DA:114,10
DA:117,4
DA:119,0
DA:121,10
DA:122,2
DA:125,2
DA:129,2
DA:143,2
DA:146,1
LF:41
LH:40
BRDA:29,0,0,8
BRDA:29,0,1,0
BRDA:30,1,0,8
BRDA:30,1,1,0
BRDA:47,2,0,1
BRDA:47,2,1,7
BRDA:54,3,0,10
BRDA:54,3,1,10
BRDA:54,3,2,10
BRDA:54,3,3,10
BRDA:59,4,0,1
BRDA:59,4,1,9
BRDA:78,5,0,3
BRDA:78,5,1,15
BRDA:82,6,0,3
BRDA:82,6,1,0
BRDA:97,7,0,4
BRDA:97,7,1,0
BRDA:117,8,0,4
BRDA:117,8,1,2
BRDA:121,9,0,2
BRDA:121,9,1,8
BRDA:125,10,0,1
BRDA:125,10,1,1
BRF:24
BRH:20
end_of_record
